This is pdfTeX, Version 3.14159265-2.6-1.40.17 (MiKTeX 2.9.6210 64-bit) (preloaded format=pdflatex 2017.4.22)  23 APR 2017 07:53
entering extended mode
**./Relatorio.tex
(Relatorio.tex
LaTeX2e <2017/01/01> patch level 1
Babel <3.9r> and hyphenation patterns for 75 language(s) loaded.
(sbatex.cls
Document Class: sbatex 2000/12/18 LaTeX2e class for Revista SBA - 1.0 alpha
(D:\programs\LaTeX\instala√ß√£o\tex\latex\base\ifthen.sty
Package: ifthen 2014/09/29 v1.1c Standard LaTeX ifthen package (DPC)
)
(D:\programs\LaTeX\instala√ß√£o\tex\latex\tools\calc.sty
Package: calc 2014/10/28 v4.3 Infix arithmetic (KKT,FJ)
\calc@Acount=\count79
\calc@Bcount=\count80
\calc@Adimen=\dimen102
\calc@Bdimen=\dimen103
\calc@Askip=\skip41
\calc@Bskip=\skip42
LaTeX Info: Redefining \setlength on input line 80.
LaTeX Info: Redefining \addtolength on input line 81.
\calc@Ccount=\count81
\calc@Cskip=\skip43
)
(D:\programs\LaTeX\instala√ß√£o\tex\latex\base\article.cls
Document Class: article 2014/09/29 v1.4h Standard LaTeX document class
(D:\programs\LaTeX\instala√ß√£o\tex\latex\base\size10.clo
File: size10.clo 2014/09/29 v1.4h Standard LaTeX file (size option)
)
\c@part=\count82
\c@section=\count83
\c@subsection=\count84
\c@subsubsection=\count85
\c@paragraph=\count86
\c@subparagraph=\count87
\c@figure=\count88
\c@table=\count89
\abovecaptionskip=\skip44
\belowcaptionskip=\skip45
\bibindent=\dimen104
)
(D:\programs\LaTeX\instala√ß√£o\tex\generic\babel\babel.sty
Package: babel 2016/04/23 3.9r The Babel package

*************************************
* Local config file bblopts.cfg used
*
(D:\programs\LaTeX\instala√ß√£o\tex\latex\arabi\bblopts.cfg
File: bblopts.cfg 2005/09/08 v0.1 add Arabic and Farsi to "declared" options of
 babel
)
(D:\programs\LaTeX\instala√ß√£o\tex\latex\babel-portuges\portuges.ldf
Language: portuges 2008/03/18 v1.2q Portuguese support from the babel system

(D:\programs\LaTeX\instala√ß√£o\tex\generic\babel\babel.def
File: babel.def 2016/04/23 3.9r Babel common definitions
\babel@savecnt=\count90
\U@D=\dimen105
)
\l@brazil = a dialect from \language\l@portuges 
Package babel Info: Making " an active character on input line 145.
)
(D:\programs\LaTeX\instala√ß√£o\tex\latex\babel-english\english.ldf
Language: english 2017/01/24 v3.3q English support from the babel system
\l@canadian = a dialect from \language\l@american 
\l@australian = a dialect from \language\l@british 
\l@newzealand = a dialect from \language\l@british 
))
(D:\programs\LaTeX\instala√ß√£o\tex\latex\tools\theorem.sty
Package: theorem 2014/10/28 v2.2c Theorem extension package (FMi)
\theorem@style=\toks14
\theorem@bodyfont=\toks15
\theorempreskipamount=\skip46
\theorempostskipamount=\skip47

(D:\programs\LaTeX\instala√ß√£o\tex\latex\tools\thp.sty
File: thp.sty 2014/10/28 v2.2c Theorem extension package (FMi)
))
(D:\programs\LaTeX\instala√ß√£o\tex\latex\geometry\geometry.sty
Package: geometry 2010/09/12 v5.6 Page Geometry

(D:\programs\LaTeX\instala√ß√£o\tex\latex\graphics\keyval.sty
Package: keyval 2014/10/28 v1.15 key=value parser (DPC)
\KV@toks@=\toks16
)
(D:\programs\LaTeX\instala√ß√£o\tex\generic\oberdiek\ifpdf.sty
Package: ifpdf 2016/05/14 v3.1 Provides the ifpdf switch
)
(D:\programs\LaTeX\instala√ß√£o\tex\generic\oberdiek\ifvtex.sty
Package: ifvtex 2016/05/16 v1.6 Detect VTeX and its facilities (HO)
Package ifvtex Info: VTeX not detected.
)
(D:\programs\LaTeX\instala√ß√£o\tex\generic\ifxetex\ifxetex.sty
Package: ifxetex 2010/09/12 v0.6 Provides ifxetex conditional
)
\Gm@cnth=\count91
\Gm@cntv=\count92
\c@Gm@tempcnt=\count93
\Gm@bindingoffset=\dimen106
\Gm@wd@mp=\dimen107
\Gm@odd@mp=\dimen108
\Gm@even@mp=\dimen109
\Gm@layoutwidth=\dimen110
\Gm@layoutheight=\dimen111
\Gm@layouthoffset=\dimen112
\Gm@layoutvoffset=\dimen113
\Gm@dimlist=\toks17

(D:\programs\LaTeX\instala√ß√£o\tex\latex\geometry\geometry.cfg))
(D:\programs\LaTeX\instala√ß√£o\tex\latex\base\latexsym.sty
Package: latexsym 1998/08/17 v2.2e Standard LaTeX package (lasy symbols)
\symlasy=\mathgroup4
LaTeX Font Info:    Overwriting symbol font `lasy' in version `bold'
(Font)                  U/lasy/m/n --> U/lasy/b/n on input line 52.
)
\c@address=\count94
\c@theorem=\count95
)
\c@author=\count96
\c@tmpauthor=\count97

(D:\programs\LaTeX\instala√ß√£o\tex\latex\harvard\harvard.sty
Package: harvard 
)
(D:\programs\LaTeX\instala√ß√£o\tex\latex\base\inputenc.sty
Package: inputenc 2015/03/17 v1.2c Input encoding file
\inpenc@prehook=\toks18
\inpenc@posthook=\toks19

(D:\programs\LaTeX\instala√ß√£o\tex\latex\base\latin1.def
File: latin1.def 2015/03/17 v1.2c Input encoding file
))
(D:\programs\LaTeX\instala√ß√£o\tex\latex\graphics\graphicx.sty
Package: graphicx 2014/10/28 v1.0g Enhanced LaTeX Graphics (DPC,SPQR)

(D:\programs\LaTeX\instala√ß√£o\tex\latex\graphics\graphics.sty
Package: graphics 2016/10/09 v1.0u Standard LaTeX Graphics (DPC,SPQR)

(D:\programs\LaTeX\instala√ß√£o\tex\latex\graphics\trig.sty
Package: trig 2016/01/03 v1.10 sin cos tan (DPC)
)
(D:\programs\LaTeX\instala√ß√£o\tex\latex\graphics-cfg\graphics.cfg
File: graphics.cfg 2016/06/04 v1.11 sample graphics configuration
)
Package graphics Info: Driver file: pdftex.def on input line 99.

(D:\programs\LaTeX\instala√ß√£o\tex\latex\graphics-def\pdftex.def
File: pdftex.def 2017/01/12 v0.06k Graphics/color for pdfTeX

(D:\programs\LaTeX\instala√ß√£o\tex\generic\oberdiek\infwarerr.sty
Package: infwarerr 2016/05/16 v1.4 Providing info/warning/error messages (HO)
)
(D:\programs\LaTeX\instala√ß√£o\tex\generic\oberdiek\ltxcmds.sty
Package: ltxcmds 2016/05/16 v1.23 LaTeX kernel commands for general use (HO)
)
\Gread@gobject=\count98
))
\Gin@req@height=\dimen114
\Gin@req@width=\dimen115
)
(D:\programs\LaTeX\instala√ß√£o\tex\latex\ae\ae.sty
Package: ae 2001/02/12 1.3 Almost European Computer Modern

(D:\programs\LaTeX\instala√ß√£o\tex\latex\base\fontenc.sty
Package: fontenc 2017/01/24 v2.0c Standard LaTeX package

(D:\programs\LaTeX\instala√ß√£o\tex\latex\base\t1enc.def
File: t1enc.def 2017/01/24 v2.0c Standard LaTeX file
LaTeX Font Info:    Redeclaring font encoding T1 on input line 48.
)
LaTeX Font Info:    Try loading font information for T1+aer on input line 105.

(D:\programs\LaTeX\instala√ß√£o\tex\latex\ae\t1aer.fd
File: t1aer.fd 1997/11/16 Font definitions for T1/aer.
))) (Relatorio.aux)
\openout1 = `Relatorio.aux'.

LaTeX Font Info:    Checking defaults for OML/cmm/m/it on input line 34.
LaTeX Font Info:    ... okay on input line 34.
LaTeX Font Info:    Checking defaults for T1/cmr/m/n on input line 34.
LaTeX Font Info:    ... okay on input line 34.
LaTeX Font Info:    Checking defaults for OT1/cmr/m/n on input line 34.
LaTeX Font Info:    ... okay on input line 34.
LaTeX Font Info:    Checking defaults for OMS/cmsy/m/n on input line 34.
LaTeX Font Info:    ... okay on input line 34.
LaTeX Font Info:    Checking defaults for OMX/cmex/m/n on input line 34.
LaTeX Font Info:    ... okay on input line 34.
LaTeX Font Info:    Checking defaults for U/cmr/m/n on input line 34.
LaTeX Font Info:    ... okay on input line 34.

*geometry* driver: auto-detecting
*geometry* detected driver: pdftex
*geometry* verbose mode - [ preamble ] result:
* driver: pdftex
* paper: <default>
* layout: <same size as paper>
* layoutoffset:(h,v)=(0.0pt,0.0pt)
* modes: 
* h-part:(L,W,R)=(72.18733pt, 453.1332pt, 72.18735pt)
* v-part:(T,H,B)=(48.93872pt, 722.7pt, 73.40813pt)
* \paperwidth=597.50787pt
* \paperheight=845.04684pt
* \textwidth=453.1332pt
* \textheight=722.7pt
* \oddsidemargin=-0.08266pt
* \evensidemargin=-0.08266pt
* \topmargin=-23.33127pt
* \headheight=0.0pt
* \headsep=0.0pt
* \topskip=10.0pt
* \footskip=0.0pt
* \marginparwidth=4.0pt
* \marginparsep=10.0pt
* \columnsep=21.68121pt
* \skip\footins=9.0pt plus 4.0pt minus 2.0pt
* \hoffset=0.0pt
* \voffset=0.0pt
* \mag=1000
* \@twocolumntrue
* \@twosidefalse
* \@mparswitchfalse
* \@reversemarginfalse
* (1in=72.27pt=25.4mm, 1cm=28.453pt)

(D:\programs\LaTeX\instala√ß√£o\tex\context\base\supp-pdf.mkii
[Loading MPS to PDF converter (version 2006.09.02).]
\scratchcounter=\count99
\scratchdimen=\dimen116
\scratchbox=\box26
\nofMPsegments=\count100
\nofMParguments=\count101
\everyMPshowfont=\toks20
\MPscratchCnt=\count102
\MPscratchDim=\dimen117
\MPnumerator=\count103
\makeMPintoPDFobject=\count104
\everyMPtoPDFconversion=\toks21
) (D:\programs\LaTeX\instala√ß√£o\tex\generic\oberdiek\pdftexcmds.sty
Package: pdftexcmds 2016/05/21 v0.22 Utility functions of pdfTeX for LuaTeX (HO
)

(D:\programs\LaTeX\instala√ß√£o\tex\generic\oberdiek\ifluatex.sty
Package: ifluatex 2016/05/16 v1.4 Provides the ifluatex switch (HO)
Package ifluatex Info: LuaTeX not detected.
)
Package pdftexcmds Info: LuaTeX not detected.
Package pdftexcmds Info: \pdf@primitive is available.
Package pdftexcmds Info: \pdf@ifprimitive is available.
Package pdftexcmds Info: \pdfdraftmode found.
)
(D:\programs\LaTeX\instala√ß√£o\tex\latex\oberdiek\epstopdf-base.sty
Package: epstopdf-base 2016/05/15 v2.6 Base part for package epstopdf

(D:\programs\LaTeX\instala√ß√£o\tex\latex\oberdiek\grfext.sty
Package: grfext 2016/05/16 v1.2 Manage graphics extensions (HO)

(D:\programs\LaTeX\instala√ß√£o\tex\generic\oberdiek\kvdefinekeys.sty
Package: kvdefinekeys 2016/05/16 v1.4 Define keys (HO)
))
(D:\programs\LaTeX\instala√ß√£o\tex\latex\oberdiek\kvoptions.sty
Package: kvoptions 2016/05/16 v3.12 Key value format for package options (HO)

(D:\programs\LaTeX\instala√ß√£o\tex\generic\oberdiek\kvsetkeys.sty
Package: kvsetkeys 2016/05/16 v1.17 Key value parser (HO)

(D:\programs\LaTeX\instala√ß√£o\tex\generic\oberdiek\etexcmds.sty
Package: etexcmds 2016/05/16 v1.6 Avoid name clashes with e-TeX commands (HO)
Package etexcmds Info: Could not find \expanded.
(etexcmds)             That can mean that you are not using pdfTeX 1.50 or
(etexcmds)             that some package has redefined \expanded.
(etexcmds)             In the latter case, load this package earlier.
)))
Package epstopdf-base Info: Redefining graphics rule for `.eps' on input line 4
38.
Package grfext Info: Graphics extension search list:
(grfext)             [.png,.pdf,.jpg,.mps,.jpeg,.jbig2,.jb2,.PNG,.PDF,.JPG,.JPE
G,.JBIG2,.JB2,.eps]
(grfext)             \AppendGraphicsExtensions on input line 456.
)
(Relatorio.loa
LaTeX Font Info:    External font `cmex10' loaded for size
(Font)              <7> on input line 1.
LaTeX Font Info:    External font `cmex10' loaded for size
(Font)              <5> on input line 1.
LaTeX Font Info:    Try loading font information for U+lasy on input line 1.
 (D:\programs\LaTeX\instala√ß√£o\tex\latex\base\ulasy.fd
File: ulasy.fd 1998/08/17 v2.2e LaTeX symbol font definitions
))
\tf@loa=\write3
\openout3 = `Relatorio.loa'.


(Relatorio.los)
\tf@los=\write4
\openout4 = `Relatorio.los'.

LaTeX Font Info:    Try loading font information for T1+aett on input line 66.
 (D:\programs\LaTeX\instala√ß√£o\tex\latex\ae\t1aett.fd
File: t1aett.fd 1997/11/16 Font definitions for T1/aett.
)
LaTeX Font Info:    Try loading font information for T1+aess on input line 66.

(D:\programs\LaTeX\instala√ß√£o\tex\latex\ae\t1aess.fd
File: t1aess.fd 1997/11/16 Font definitions for T1/aess.
)
<foto1.jpg, id=1, 228.10219pt x 124.21407pt>
File: foto1.jpg Graphic file (type jpg)
 <use foto1.jpg>
Package pdftex.def Info: foto1.jpg used on input line 93.
(pdftex.def)             Requested size: 228.10161pt x 124.21375pt.

Overfull \hbox (12.37563pt too wide) in paragraph at lines 93--94
[][] 
 []


LaTeX Warning: `!h' float specifier changed to `!ht'.

<foto2.jpg, id=2, 123.46124pt x 70.01157pt>
File: foto2.jpg Graphic file (type jpg)
 <use foto2.jpg>
Package pdftex.def Info: foto2.jpg used on input line 100.
(pdftex.def)             Requested size: 123.46092pt x 70.01138pt.
 [1{C:/ProgramData/MiKTeX/2.9/pdftex/config/pdftex.map}


]
<foto3.jpg, id=14, 118.94438pt x 67.0003pt>
File: foto3.jpg Graphic file (type jpg)
 <use foto3.jpg>
Package pdftex.def Info: foto3.jpg used on input line 107.
(pdftex.def)             Requested size: 118.94408pt x 67.00012pt.

<foto4.jpg, id=15, 168.63pt x 80.55093pt>
File: foto4.jpg Graphic file (type jpg)
 <use foto4.jpg>
Package pdftex.def Info: foto4.jpg used on input line 116.
(pdftex.def)             Requested size: 168.62958pt x 80.55074pt.

<foto5.jpg, id=16, 181.42781pt x 79.04532pt>
File: foto5.jpg Graphic file (type jpg)
 <use foto5.jpg>
Package pdftex.def Info: foto5.jpg used on input line 123.
(pdftex.def)             Requested size: 181.42737pt x 79.0451pt.

<foto6.jpg, id=17, 188.95593pt x 80.55093pt>
File: foto6.jpg Graphic file (type jpg)
 <use foto6.jpg>
Package pdftex.def Info: foto6.jpg used on input line 128.
(pdftex.def)             Requested size: 188.95546pt x 80.55074pt.


LaTeX Warning: `!h' float specifier changed to `!ht'.


LaTeX Warning: `!h' float specifier changed to `!ht'.

<foto7.jpg, id=18, 182.18062pt x 78.2925pt>
File: foto7.jpg Graphic file (type jpg)
 <use foto7.jpg>
Package pdftex.def Info: foto7.jpg used on input line 136.
(pdftex.def)             Requested size: 182.18016pt x 78.2923pt.

<foto8.jpg, id=19, 186.6975pt x 78.2925pt>
File: foto8.jpg Graphic file (type jpg)
 <use foto8.jpg>
Package pdftex.def Info: foto8.jpg used on input line 143.
(pdftex.def)             Requested size: 186.69704pt x 78.2923pt.

<foto9.jpg, id=20, 184.43906pt x 78.2925pt>
File: foto9.jpg Graphic file (type jpg)
 <use foto9.jpg>
Package pdftex.def Info: foto9.jpg used on input line 148.
(pdftex.def)             Requested size: 184.4386pt x 78.2923pt.
 [2 <./foto1.jpg> <./foto2.jpg> <./foto3.jpg> <./foto4.jpg> <./foto5.jpg> <./fo
to6.jpg> <./foto7.jpg> <./foto8.jpg> <./foto9.jpg>] <foto10.jpg, id=24, 264.99p
t x 140.77594pt>
File: foto10.jpg Graphic file (type jpg)

<use foto10.jpg>
Package pdftex.def Info: foto10.jpg used on input line 178.
(pdftex.def)             Requested size: 264.98935pt x 140.77557pt.

Overfull \hbox (49.26337pt too wide) in paragraph at lines 178--179
[][] 
 []

[3 <./foto10.jpg>] <foto11.jpg, id=29, 332.74312pt x 64.74188pt>
File: foto11.jpg Graphic file (type jpg)

<use foto11.jpg>
Package pdftex.def Info: foto11.jpg used on input line 191.
(pdftex.def)             Requested size: 332.7423pt x 64.74171pt.

Overfull \hbox (117.01631pt too wide) in paragraph at lines 191--192
[][] 
 []

<foto12.jpg, id=30, 245.41687pt x 88.83188pt>
File: foto12.jpg Graphic file (type jpg)
 <use foto12.jpg>
Package pdftex.def Info: foto12.jpg used on input line 200.
(pdftex.def)             Requested size: 245.41626pt x 88.83165pt.

Overfull \hbox (29.69028pt too wide) in paragraph at lines 200--201
[][] 
 []

<foto13.jpg, id=31, 258.9675pt x 26.34843pt>
File: foto13.jpg Graphic file (type jpg)
 <use foto13.jpg>
Package pdftex.def Info: foto13.jpg used on input line 211.
(pdftex.def)             Requested size: 258.96684pt x 26.34836pt.

Overfull \hbox (43.24086pt too wide) in paragraph at lines 211--212
[][] 
 []

<foto14.jpg, id=32, 227.34938pt x 142.28156pt>
File: foto14.jpg Graphic file (type jpg)
 <use foto14.jpg>
Package pdftex.def Info: foto14.jpg used on input line 216.
(pdftex.def)             Requested size: 227.34882pt x 142.2812pt.

Overfull \hbox (11.62283pt too wide) in paragraph at lines 216--217
[][] 
 []

<foto15.jpg, id=33, 256.70906pt x 51.94406pt>
File: foto15.jpg Graphic file (type jpg)
 <use foto15.jpg>
Package pdftex.def Info: foto15.jpg used on input line 223.
(pdftex.def)             Requested size: 256.70842pt x 51.94392pt.

Overfull \hbox (40.98244pt too wide) in paragraph at lines 223--224
[][] 
 []


LaTeX Warning: `!h' float specifier changed to `!ht'.

[4 <./foto11.jpg> <./foto12.jpg> <./foto13.jpg> <./foto14.jpg>]
<foto16.jpg, id=37, 222.8325pt x 90.3375pt>
File: foto16.jpg Graphic file (type jpg)
 <use foto16.jpg>
Package pdftex.def Info: foto16.jpg used on input line 232.
(pdftex.def)             Requested size: 222.83195pt x 90.33727pt.

Overfull \hbox (7.10597pt too wide) in paragraph at lines 232--233
[][] 
 []

<foto17.jpg, id=38, 234.1247pt x 90.3375pt>
File: foto17.jpg Graphic file (type jpg)
 <use foto17.jpg>
Package pdftex.def Info: foto17.jpg used on input line 239.
(pdftex.def)             Requested size: 234.12411pt x 90.33727pt.

Overfull \hbox (18.39813pt too wide) in paragraph at lines 239--240
[][] 
 []

<foto18.jpg, id=39, 235.63031pt x 90.3375pt>
File: foto18.jpg Graphic file (type jpg)
 <use foto18.jpg>
Package pdftex.def Info: foto18.jpg used on input line 246.
(pdftex.def)             Requested size: 235.62973pt x 90.33727pt.

Overfull \hbox (19.90375pt too wide) in paragraph at lines 246--247
[][] 
 []


Underfull \hbox (badness 3557) in paragraph at lines 244--250
 [] \T1/aer/m/n/10 Abaixo da fun-Á„o da.tab, est· a fun-Á„o
 []

<foto19.jpg, id=40, 202.50656pt x 63.23625pt>
File: foto19.jpg Graphic file (type jpg)
 <use foto19.jpg>
Package pdftex.def Info: foto19.jpg used on input line 255.
(pdftex.def)             Requested size: 202.50604pt x 63.23608pt.

Underfull \hbox (badness 1824) in paragraph at lines 253--259
 [] \T1/aer/m/n/10 Fi-nal-mente saindo do loop da fun-Á„o im-
 []

<foto22.jpg, id=41, 216.05719pt x 417.81094pt>
File: foto22.jpg Graphic file (type jpg)
 <use foto22.jpg>
Package pdftex.def Info: foto22.jpg used on input line 262.
(pdftex.def)             Requested size: 216.05664pt x 417.80992pt.


LaTeX Warning: `!h' float specifier changed to `!ht'.

[5 <./foto15.jpg> <./foto16.jpg> <./foto17.jpg> <./foto18.jpg> <./foto19.jpg>]
<foto23.jpg, id=45, 189.70876pt x 51.19125pt>
File: foto23.jpg Graphic file (type jpg)
 <use foto23.jpg>
Package pdftex.def Info: foto23.jpg used on input line 281.
(pdftex.def)             Requested size: 189.70828pt x 51.19112pt.

<foto24.jpg, id=46, 194.22563pt x 64.74188pt>
File: foto24.jpg Graphic file (type jpg)
 <use foto24.jpg>
Package pdftex.def Info: foto24.jpg used on input line 290.
(pdftex.def)             Requested size: 194.22514pt x 64.74171pt.
 [6 <./foto22.jpg> <./foto23.jpg>] <foto25.jpg, id=50, 185.19188pt x 40.65187pt
>
File: foto25.jpg Graphic file (type jpg)

<use foto25.jpg>
Package pdftex.def Info: foto25.jpg used on input line 299.
(pdftex.def)             Requested size: 185.1914pt x 40.65176pt.
 <foto20.jpg, id=51, 212.29312pt x 103.13531pt>
File: foto20.jpg Graphic file (type jpg)

<use foto20.jpg>
Package pdftex.def Info: foto20.jpg used on input line 310.
(pdftex.def)             Requested size: 212.2926pt x 103.13504pt.
 <foto21.jpg, id=52, 263.48438pt x 93.34875pt>
File: foto21.jpg Graphic file (type jpg)

<use foto21.jpg>
Package pdftex.def Info: foto21.jpg used on input line 315.
(pdftex.def)             Requested size: 263.48372pt x 93.34851pt.

Overfull \hbox (47.75774pt too wide) in paragraph at lines 315--316
[][] 
 []


LaTeX Warning: `!h' float specifier changed to `!ht'.


LaTeX Warning: `!h' float specifier changed to `!ht'.

[7 <./foto24.jpg> <./foto25.jpg> <./foto20.jpg> <./foto21.jpg>]
Overfull \hbox (66.81148pt too wide) in paragraph at lines 337--338
 [] \T1/aer/m/n/10 http://www.ebah.com.br/content/ABAAABOeoAD/metodos-
 []

No file Relatorio.bbl.
[8

] (Relatorio.aux) ) 
Here is how much of TeX's memory you used:
 3313 strings out of 493333
 45581 string characters out of 3137927
 118840 words of memory out of 3000000
 6726 multiletter control sequences out of 15000+200000
 19197 words of font info for 38 fonts, out of 3000000 for 9000
 1141 hyphenation exceptions out of 8191
 39i,6n,29p,898b,288s stack positions out of 5000i,500n,10000p,200000b,50000s
<D:/programs/LaTeX/instala√ß√£o/fonts/type1/public/amsfonts/
cm/cmbx10.pfb><D:/programs/LaTeX/instala√ß√£o/fonts/type1/public/amsfonts/cm/cm
csc10.pfb><D:/programs/LaTeX/instala√ß√£o/fonts/type1/public/amsfonts/cm/cmmi10
.pfb><D:/programs/LaTeX/instala√ß√£o/fonts/type1/public/amsfonts/cm/cmr10.pfb><
D:/programs/LaTeX/instala√ß√£o/fonts/type1/public/amsfonts/cm/cmr7.pfb><D:/prog
rams/LaTeX/instala√ß√£o/fonts/type1/public/amsfonts/cm/cmsy7.pfb><D:/programs/L
aTeX/instala√ß√£o/fonts/type1/public/amsfonts/cm/cmti10.pfb><D:/programs/LaTeX/
instala√ß√£o/fonts/type1/public/amsfonts/cm/cmtt10.pfb>
Output written on Relatorio.pdf (8 pages, 405561 bytes).
PDF statistics:
 86 PDF objects out of 1000 (max. 8388607)
 0 named destinations out of 1000 (max. 500000)
 126 words of extra memory for PDF output out of 10000 (max. 10000000)

